[2021-10-02T20:16:34.360] [INFO] info - hihi
[2021-10-03T20:05:09.507] [INFO] info - ***数据库连接成功***
[2021-10-03T20:21:34.823] [INFO] info - ***数据库连接成功***
[2021-10-03T20:21:58.439] [INFO] info - ***数据库连接成功***
[2021-10-03T20:22:55.569] [INFO] info - ***数据库连接成功***
[2021-10-03T20:23:15.803] [INFO] info - ***数据库连接成功***
[2021-10-03T20:31:28.038] [INFO] info - ***数据库连接成功***
[2021-10-03T20:32:45.433] [INFO] info - hihi
[2021-10-03T20:33:26.809] [INFO] info - ***数据库连接成功***
[2021-10-03T21:01:33.804] [INFO] info - hihi
[2021-10-03T21:04:15.348] [INFO] info - hihi
[2021-10-03T21:04:36.129] [INFO] info - hihi
[2021-10-03T21:08:10.611] [INFO] info - ***数据库连接成功***
[2021-10-03T21:08:16.512] [INFO] info - ***数据库连接成功***
[2021-10-03T21:08:57.849] [INFO] info - ***数据库连接成功***
[2021-10-03T21:26:17.595] [INFO] info - ***数据库连接成功***
[2021-10-04T19:48:51.364] [INFO] info - ***数据库连接成功***
[2021-10-04T19:53:33.838] [INFO] info - ***数据库连接成功***
[2021-10-04T22:35:30.028] [INFO] info - ***数据库连接成功***
[2021-10-04T22:37:58.972] [INFO] info - ***数据库连接成功***
[2021-10-04T22:38:36.916] [INFO] info - ***数据库连接成功***
[2021-10-04T22:39:04.060] [INFO] info - ***数据库连接成功***
[2021-10-04T22:39:08.968] [INFO] info - ***数据库连接成功***
[2021-10-04T22:43:21.989] [INFO] info - ***数据库连接成功***
[2021-10-04T22:43:56.613] [INFO] info - ***数据库连接成功***
[2021-10-04T22:44:34.739] [INFO] info - ***数据库连接成功***
[2021-10-04T22:45:09.259] [INFO] info - ***数据库连接成功***
[2021-10-04T22:45:35.661] [INFO] info - ***数据库连接成功***
[2021-10-04T22:46:14.627] [INFO] info - ***数据库连接成功***
[2021-10-04T22:48:18.149] [INFO] info - ***数据库连接成功***
[2021-10-04T22:49:04.848] [INFO] info - ***数据库连接成功***
[2021-10-04T22:49:46.704] [INFO] info - ***数据库连接成功***
[2021-10-04T22:51:04.330] [INFO] info - ***数据库连接成功***
[2021-10-04T22:51:38.513] [INFO] info - ***数据库连接成功***
[2021-10-04T22:53:23.346] [INFO] info - ***数据库连接成功***
[2021-10-04T22:53:49.639] [INFO] info - ***数据库连接成功***
[2021-10-04T22:54:21.782] [INFO] info - ***数据库连接成功***
[2021-10-04T22:54:31.460] [INFO] info - ***数据库连接成功***
[2021-10-04T22:55:06.643] [INFO] info - ***数据库连接成功***
[2021-10-04T22:56:46.950] [INFO] info - ***数据库连接成功***
[2021-10-05T19:51:35.501] [INFO] info - ***数据库连接成功***
[2021-10-05T19:52:15.560] [INFO] info - get params:{}
[2021-10-05T19:52:15.561] [INFO] info - post params:{"userName":"admin","userPwd":"admin"}
[2021-10-05T19:52:15.737] [INFO] info - get params:{}
[2021-10-05T19:52:15.738] [INFO] info - post params:{}
[2021-10-05T19:52:15.759] [INFO] info - get params:{}
[2021-10-05T19:52:15.761] [INFO] info - post params:{}
[2021-10-05T19:53:46.344] [INFO] info - ***数据库连接成功***
[2021-10-05T19:55:05.890] [INFO] info - ***数据库连接成功***
[2021-10-05T19:55:49.765] [INFO] info - ***数据库连接成功***
[2021-10-05T19:56:45.770] [INFO] info - ***数据库连接成功***
[2021-10-05T20:02:58.803] [INFO] info - get params:{}
[2021-10-05T20:02:58.805] [INFO] info - post params:{}
[2021-10-05T20:03:08.313] [INFO] info - get params:{}
[2021-10-05T20:03:08.314] [INFO] info - post params:{}
[2021-10-05T20:03:08.335] [INFO] info - get params:{}
[2021-10-05T20:03:08.337] [INFO] info - post params:{}
[2021-10-05T20:03:25.598] [INFO] info - get params:{}
[2021-10-05T20:03:25.599] [INFO] info - post params:{"userName":"admin","userPwd":"admin"}
[2021-10-05T20:03:25.701] [INFO] info - get params:{}
[2021-10-05T20:03:25.703] [INFO] info - post params:{}
[2021-10-05T20:03:25.707] [INFO] info - get params:{}
[2021-10-05T20:03:25.708] [INFO] info - post params:{}
[2021-10-05T20:04:05.702] [INFO] info - get params:{}
[2021-10-05T20:04:05.703] [INFO] info - post params:{}
[2021-10-05T20:04:05.708] [INFO] info - get params:{}
[2021-10-05T20:04:05.709] [INFO] info - post params:{}
[2021-10-05T20:04:14.675] [INFO] info - get params:{}
[2021-10-05T20:04:14.676] [INFO] info - post params:{"userName":"admin","userPwd":"admin"}
[2021-10-05T20:04:14.757] [INFO] info - get params:{}
[2021-10-05T20:04:14.758] [INFO] info - post params:{}
[2021-10-05T20:04:14.763] [INFO] info - get params:{}
[2021-10-05T20:04:14.763] [INFO] info - post params:{}
[2021-10-05T20:04:50.543] [INFO] info - get params:{}
[2021-10-05T20:04:50.544] [INFO] info - post params:{}
[2021-10-05T20:04:50.551] [INFO] info - get params:{}
[2021-10-05T20:04:50.553] [INFO] info - post params:{}
[2021-10-05T20:04:59.340] [INFO] info - get params:{}
[2021-10-05T20:04:59.340] [INFO] info - post params:{"userName":"admin","userPwd":"admin"}
[2021-10-05T20:04:59.392] [INFO] info - get params:{}
[2021-10-05T20:04:59.393] [INFO] info - post params:{}
[2021-10-05T20:04:59.400] [INFO] info - get params:{}
[2021-10-05T20:04:59.401] [INFO] info - post params:{}
[2021-10-05T21:33:29.370] [INFO] info - ***数据库连接成功***
[2021-10-05T22:38:50.527] [INFO] info - get params:{}
[2021-10-05T22:38:50.529] [INFO] info - post params:{"userName":"admin","userPwd":"admin"}
[2021-10-06T21:19:04.407] [INFO] info - ***数据库连接成功***
[2021-10-06T22:04:05.227] [INFO] info - get params:{}
[2021-10-06T22:04:05.228] [INFO] info - post params:{"userName":"admin","userPwd":"admin"}
[2021-10-08T20:42:55.686] [INFO] info - ***数据库连接成功***
[2021-10-08T20:46:18.053] [INFO] info - get params:{"state":"0","pageNum":"1","pageSize":"10"}
[2021-10-08T20:46:18.056] [INFO] info - post params:{}
[2021-10-08T20:46:18.299] [INFO] info - get params:{"state":"0","pageNum":"1","pageSize":"10"}
[2021-10-08T20:46:18.300] [INFO] info - post params:{}
[2021-10-08T20:47:43.970] [INFO] info - ***数据库连接成功***
[2021-10-08T20:47:58.040] [INFO] info - get params:{"state":"0","pageNum":"1","pageSize":"10"}
[2021-10-08T20:47:58.041] [INFO] info - post params:{}
[2021-10-08T20:48:21.293] [INFO] info - get params:{"state":"0","pageNum":"1","pageSize":"10"}
[2021-10-08T20:48:21.293] [INFO] info - post params:{}
[2021-10-08T20:49:05.437] [INFO] info - get params:{"state":"0","pageNum":"1","pageSize":"10"}
[2021-10-08T20:49:05.438] [INFO] info - post params:{}
[2021-10-08T20:51:51.210] [INFO] info - ***数据库连接成功***
[2021-10-08T20:51:56.874] [INFO] info - get params:{"state":"0","pageNum":"1","pageSize":"10"}
[2021-10-08T20:51:56.875] [INFO] info - post params:{}
[2021-10-08T20:54:27.882] [INFO] info - ***数据库连接成功***
[2021-10-08T20:54:47.994] [INFO] info - ***数据库连接成功***
[2021-10-08T20:54:53.151] [INFO] info - get params:{"state":"0","pageNum":"1","pageSize":"10"}
[2021-10-08T20:54:53.152] [INFO] info - post params:{}
[2021-10-08T20:55:08.578] [INFO] info - get params:{}
[2021-10-08T20:55:08.581] [INFO] info - post params:{"userName":"admin","userPwd":"admin"}
[2021-10-08T20:55:17.128] [INFO] info - get params:{"state":"0","pageNum":"1","pageSize":"10"}
[2021-10-08T20:55:17.129] [INFO] info - post params:{}
[2021-10-08T20:59:15.881] [INFO] info - get params:{"state":"0","pageNum":"1","pageSize":"10"}
[2021-10-08T20:59:15.882] [INFO] info - post params:{}
[2021-10-08T20:59:15.913] [INFO] info - get params:{"state":"0","pageNum":"1","pageSize":"10"}
[2021-10-08T20:59:15.913] [INFO] info - post params:{}
[2021-10-08T20:59:19.392] [INFO] info - get params:{"state":"0","pageNum":"1","pageSize":"10"}
[2021-10-08T20:59:19.393] [INFO] info - post params:{}
[2021-10-08T20:59:25.534] [INFO] info - get params:{"state":"0","pageNum":"1","pageSize":"10"}
[2021-10-08T20:59:25.535] [INFO] info - post params:{}
[2021-10-08T20:59:47.944] [INFO] info - get params:{"state":"1","pageNum":"1","pageSize":"10"}
[2021-10-08T20:59:47.945] [INFO] info - post params:{}
[2021-10-08T20:59:48.023] [INFO] info - get params:{"state":"1","pageNum":"1","pageSize":"10"}
[2021-10-08T20:59:48.024] [INFO] info - post params:{}
[2021-10-08T20:59:48.182] [INFO] info - get params:{"state":"1","pageNum":"1","pageSize":"10"}
[2021-10-08T20:59:48.183] [INFO] info - post params:{}
[2021-10-08T20:59:48.264] [INFO] info - get params:{"state":"1","pageNum":"1","pageSize":"10"}
[2021-10-08T20:59:48.265] [INFO] info - post params:{}
[2021-10-08T21:00:09.905] [INFO] info - get params:{"state":"1","pageNum":"1","pageSize":"10"}
[2021-10-08T21:00:09.906] [INFO] info - post params:{}
[2021-10-08T21:00:36.107] [INFO] info - get params:{}
[2021-10-08T21:00:36.108] [INFO] info - post params:{"roleList":[],"userName":"user1","userEmail":"111@qq.com","mobile":"11111111111","deptId":["60167059c9027b7d2c520a61","6016728fc6a4417f2d27506e","60167621531124822b79e124"],"action":"add"}
[2021-10-08T21:00:37.684] [INFO] info - get params:{}
[2021-10-08T21:00:37.684] [INFO] info - post params:{"roleList":[],"userName":"user1","userEmail":"111@qq.com","mobile":"11111111111","deptId":["60167059c9027b7d2c520a61","6016728fc6a4417f2d27506e","60167621531124822b79e124"],"action":"add"}
[2021-10-08T21:01:35.749] [INFO] info - get params:{}
[2021-10-08T21:01:35.750] [INFO] info - post params:{"userName":"admin","userPwd":"admin"}
[2021-10-08T21:01:42.723] [INFO] info - get params:{"state":"1","pageNum":"1","pageSize":"10"}
[2021-10-08T21:01:42.724] [INFO] info - post params:{}
[2021-10-08T21:02:13.888] [INFO] info - get params:{}
[2021-10-08T21:02:13.889] [INFO] info - post params:{"roleList":[],"userName":"111","userEmail":"1222@qq.com","mobile":"11111111110","deptId":["60167059c9027b7d2c520a61","60167345c6a4417f2d27506f"],"action":"add"}
[2021-10-08T21:02:20.250] [INFO] info - get params:{"state":"1","pageNum":"1","pageSize":"10"}
[2021-10-08T21:02:20.251] [INFO] info - post params:{}
[2021-10-08T21:03:37.605] [INFO] info - get params:{}
[2021-10-08T21:03:37.605] [INFO] info - post params:{"roleList":[],"userId":1000004,"userName":"111","userEmail":"1222@qq.com","mobile":"11111111110","deptId":["60167059c9027b7d2c520a61","6016734ec6a4417f2d275070"],"state":1,"role":1,"createTime":"2021-10-08T12:54:47.834Z","lastLoginTime":"2021-10-08T12:54:47.834Z","__v":0,"action":"add"}
[2021-10-08T21:03:45.169] [INFO] info - get params:{}
[2021-10-08T21:03:45.170] [INFO] info - post params:{"userName":"admin","userPwd":"admin"}
[2021-10-08T21:06:08.122] [INFO] info - get params:{"state":"0","pageNum":"1","pageSize":"10","total":"1"}
[2021-10-08T21:06:08.123] [INFO] info - post params:{}
[2021-10-08T21:06:11.791] [INFO] info - get params:{"state":"2","pageNum":"1","pageSize":"10","total":"3"}
[2021-10-08T21:06:11.792] [INFO] info - post params:{}
[2021-10-08T21:06:15.713] [INFO] info - get params:{"state":"1","pageNum":"1","pageSize":"10","total":"0"}
[2021-10-08T21:06:15.714] [INFO] info - post params:{}
[2021-10-08T21:06:23.198] [INFO] info - get params:{}
[2021-10-08T21:06:23.200] [INFO] info - post params:{"roleList":[],"userId":1000004,"userName":"111","userEmail":"1222@qq.com","mobile":"11111111110","deptId":["60167059c9027b7d2c520a61","60167345c6a4417f2d27506f"],"state":1,"role":1,"createTime":"2021-10-08T12:54:47.834Z","lastLoginTime":"2021-10-08T12:54:47.834Z","__v":0,"action":"add"}
[2021-10-08T21:06:31.497] [INFO] info - get params:{}
[2021-10-08T21:06:31.498] [INFO] info - post params:{"userName":"admin","userPwd":"admin"}
[2021-10-08T21:06:37.687] [INFO] info - get params:{"state":"1","pageNum":"1","pageSize":"10"}
[2021-10-08T21:06:37.687] [INFO] info - post params:{}
[2021-10-08T21:06:45.771] [INFO] info - get params:{}
[2021-10-08T21:06:45.771] [INFO] info - post params:{"roleList":[],"userId":1000004,"userName":"111","userEmail":"1222@qq.com","mobile":"11111111110","deptId":["60167059c9027b7d2c520a61","6016728fc6a4417f2d27506e"],"state":1,"role":1,"createTime":"2021-10-08T12:54:47.834Z","lastLoginTime":"2021-10-08T12:54:47.834Z","__v":0,"action":"add"}
[2021-10-08T21:06:54.158] [INFO] info - get params:{}
[2021-10-08T21:06:54.159] [INFO] info - post params:{"userName":"admin","userPwd":"admin"}
[2021-10-08T21:06:58.609] [INFO] info - get params:{"state":"1","pageNum":"1","pageSize":"10"}
[2021-10-08T21:06:58.610] [INFO] info - post params:{}
[2021-10-08T21:07:27.713] [INFO] info - get params:{}
[2021-10-08T21:07:27.714] [INFO] info - post params:{"roleList":[],"userName":"111","userEmail":"11111","mobile":"11111111111","deptId":["60167059c9027b7d2c520a61","6016728fc6a4417f2d27506e"],"action":"add"}
[2021-10-08T21:07:28.651] [INFO] info - get params:{}
[2021-10-08T21:07:28.652] [INFO] info - post params:{"roleList":[],"userName":"111","userEmail":"11111","mobile":"11111111111","deptId":["60167059c9027b7d2c520a61","6016728fc6a4417f2d27506e"],"action":"add"}
[2021-10-08T21:07:28.960] [INFO] info - get params:{}
[2021-10-08T21:07:28.961] [INFO] info - post params:{"roleList":[],"userName":"111","userEmail":"11111","mobile":"11111111111","deptId":["60167059c9027b7d2c520a61","6016728fc6a4417f2d27506e"],"action":"add"}
[2021-10-08T21:10:42.739] [INFO] info - get params:{}
[2021-10-08T21:10:42.739] [INFO] info - post params:{"userName":"admin","userPwd":"admin"}
[2021-10-08T21:10:51.299] [INFO] info - get params:{"state":"1","pageNum":"1","pageSize":"10"}
[2021-10-08T21:10:51.300] [INFO] info - post params:{}
[2021-10-08T21:11:11.515] [INFO] info - get params:{}
[2021-10-08T21:11:11.516] [INFO] info - post params:{"roleList":[],"userName":"111","userEmail":"111@qq.com","mobile":"11111111111","deptId":["60167059c9027b7d2c520a61","6016728fc6a4417f2d27506e","60167621531124822b79e124"],"action":"add"}
[2021-10-08T21:13:11.005] [INFO] info - get params:{"state":"1","pageNum":"1","pageSize":"10"}
[2021-10-08T21:13:11.006] [INFO] info - post params:{}
[2021-10-08T21:13:34.079] [INFO] info - get params:{}
[2021-10-08T21:13:34.079] [INFO] info - post params:{"roleList":[],"userName":"kk","userEmail":"1099@q.com","mobile":"12222222222","deptId":["60167059c9027b7d2c520a61","60167345c6a4417f2d27506f"],"action":"add"}
[2021-10-08T21:13:38.640] [INFO] info - get params:{"state":"1","pageNum":"1","pageSize":"10"}
[2021-10-08T21:13:38.641] [INFO] info - post params:{}
[2021-10-08T21:15:55.361] [INFO] info - get params:{"state":"1","pageNum":"1","pageSize":"10"}
[2021-10-08T21:15:55.362] [INFO] info - post params:{}
[2021-10-08T21:15:59.499] [INFO] info - get params:{"state":"1","pageNum":"1","pageSize":"10"}
[2021-10-08T21:15:59.499] [INFO] info - post params:{}
[2021-10-08T21:16:20.057] [INFO] info - get params:{}
[2021-10-08T21:16:20.058] [INFO] info - post params:{"roleList":[],"userName":"kk","userEmail":"111@qq.com","mobile":"12222111111","deptId":["60167059c9027b7d2c520a61","6016728fc6a4417f2d27506e"],"action":"add"}
[2021-10-08T21:16:28.337] [INFO] info - get params:{}
[2021-10-08T21:16:28.338] [INFO] info - post params:{"roleList":[],"userName":"kk","userEmail":"1121@qq.com","mobile":"12222111111","deptId":["60167059c9027b7d2c520a61","6016728fc6a4417f2d27506e"],"action":"add"}
[2021-10-08T21:16:36.133] [INFO] info - get params:{}
[2021-10-08T21:16:36.133] [INFO] info - post params:{"roleList":[],"userName":"kkk","userEmail":"1121@qq.com","mobile":"12222111111","deptId":["60167059c9027b7d2c520a61","6016728fc6a4417f2d27506e"],"action":"add"}
[2021-10-08T21:16:36.681] [INFO] info - get params:{}
[2021-10-08T21:16:36.682] [INFO] info - post params:{"roleList":[],"userName":"kkk","userEmail":"1121@qq.com","mobile":"12222111111","deptId":["60167059c9027b7d2c520a61","6016728fc6a4417f2d27506e"],"action":"add"}
[2021-10-08T21:16:42.068] [INFO] info - get params:{}
[2021-10-08T21:16:42.069] [INFO] info - post params:{"roleList":[],"userName":"kkkk","userEmail":"1121@qq.com","mobile":"12222111111","deptId":["60167059c9027b7d2c520a61","6016728fc6a4417f2d27506e"],"action":"add"}
[2021-10-08T21:16:44.179] [INFO] info - get params:{}
[2021-10-08T21:16:44.180] [INFO] info - post params:{"roleList":[],"userName":"kkkk","userEmail":"1121@qq.com","mobile":"12222111111","deptId":["60167059c9027b7d2c520a61","6016728fc6a4417f2d27506e"],"action":"add"}
[2021-10-08T21:16:52.727] [INFO] info - get params:{}
[2021-10-08T21:16:52.727] [INFO] info - post params:{"roleList":[],"userName":"kkkk","userEmail":"11211@qq.com","mobile":"12222111111","deptId":["60167059c9027b7d2c520a61","6016728fc6a4417f2d27506e"],"action":"add"}
[2021-10-08T21:16:53.200] [INFO] info - get params:{}
[2021-10-08T21:16:53.201] [INFO] info - post params:{"roleList":[],"userName":"kkkk","userEmail":"11211@qq.com","mobile":"12222111111","deptId":["60167059c9027b7d2c520a61","6016728fc6a4417f2d27506e"],"action":"add"}
[2021-10-08T21:16:57.614] [INFO] info - get params:{"state":"1","pageNum":"1","pageSize":"10"}
[2021-10-08T21:16:57.615] [INFO] info - post params:{}
[2021-10-08T21:18:02.207] [INFO] info - ***数据库连接成功***
[2021-10-08T21:18:06.300] [INFO] info - get params:{"state":"1","pageNum":"1","pageSize":"10"}
[2021-10-08T21:18:06.301] [INFO] info - post params:{}
[2021-10-08T21:18:25.532] [INFO] info - get params:{}
[2021-10-08T21:18:25.532] [INFO] info - post params:{"roleList":[],"userName":"kk","userEmail":"111@qq.com","mobile":"11111111111","deptId":["60167059c9027b7d2c520a61","60167345c6a4417f2d27506f"],"action":"add"}
[2021-10-08T21:18:33.102] [INFO] info - get params:{}
[2021-10-08T21:18:33.103] [INFO] info - post params:{"roleList":[],"userName":"kk","userEmail":"1111111@qq.com","mobile":"11111111111","deptId":["60167059c9027b7d2c520a61","60167345c6a4417f2d27506f"],"action":"add"}
[2021-10-08T21:18:37.352] [INFO] info - get params:{}
[2021-10-08T21:18:37.353] [INFO] info - post params:{"roleList":[],"userName":"kkj","userEmail":"1111111@qq.com","mobile":"11111111111","deptId":["60167059c9027b7d2c520a61","60167345c6a4417f2d27506f"],"action":"add"}
[2021-10-08T21:18:59.075] [INFO] info - get params:{}
[2021-10-08T21:18:59.075] [INFO] info - post params:{"roleList":[],"userName":"kkj","userEmail":"1111111@qq.com","mobile":"11111111111","deptId":["60167059c9027b7d2c520a61","60167345c6a4417f2d27506f"],"action":"add"}
[2021-10-08T21:19:57.034] [INFO] info - get params:{"state":"1","pageNum":"1","pageSize":"10"}
[2021-10-08T21:19:57.034] [INFO] info - post params:{}
[2021-10-08T21:20:04.232] [INFO] info - get params:{}
[2021-10-08T21:20:04.233] [INFO] info - post params:{"roleList":[],"userId":1000007,"userName":"kkkk","userEmail":"11211@qq.com","mobile":"12222111111","deptId":["60167059c9027b7d2c520a61","60167345c6a4417f2d27506f"],"state":1,"role":1,"createTime":"2021-10-08T12:54:47.834Z","lastLoginTime":"2021-10-08T12:54:47.834Z","__v":0,"action":"add"}
[2021-10-08T21:20:06.179] [INFO] info - get params:{}
[2021-10-08T21:20:06.180] [INFO] info - post params:{"roleList":[],"userId":1000007,"userName":"kkkk","userEmail":"11211@qq.com","mobile":"12222111111","deptId":["60167059c9027b7d2c520a61","60167345c6a4417f2d27506f"],"state":1,"role":1,"createTime":"2021-10-08T12:54:47.834Z","lastLoginTime":"2021-10-08T12:54:47.834Z","__v":0,"action":"add"}
[2021-10-08T21:20:06.922] [INFO] info - get params:{}
[2021-10-08T21:20:06.922] [INFO] info - post params:{"roleList":[],"userId":1000007,"userName":"kkkk","userEmail":"11211@qq.com","mobile":"12222111111","deptId":["60167059c9027b7d2c520a61","60167345c6a4417f2d27506f"],"state":1,"role":1,"createTime":"2021-10-08T12:54:47.834Z","lastLoginTime":"2021-10-08T12:54:47.834Z","__v":0,"action":"add"}
[2021-10-08T21:20:07.547] [INFO] info - get params:{}
[2021-10-08T21:20:07.548] [INFO] info - post params:{"roleList":[],"userId":1000007,"userName":"kkkk","userEmail":"11211@qq.com","mobile":"12222111111","deptId":["60167059c9027b7d2c520a61","60167345c6a4417f2d27506f"],"state":1,"role":1,"createTime":"2021-10-08T12:54:47.834Z","lastLoginTime":"2021-10-08T12:54:47.834Z","__v":0,"action":"add"}
[2021-10-08T21:20:08.098] [INFO] info - get params:{}
[2021-10-08T21:20:08.099] [INFO] info - post params:{"roleList":[],"userId":1000007,"userName":"kkkk","userEmail":"11211@qq.com","mobile":"12222111111","deptId":["60167059c9027b7d2c520a61","60167345c6a4417f2d27506f"],"state":1,"role":1,"createTime":"2021-10-08T12:54:47.834Z","lastLoginTime":"2021-10-08T12:54:47.834Z","__v":0,"action":"add"}
[2021-10-08T21:20:08.486] [INFO] info - get params:{}
[2021-10-08T21:20:08.487] [INFO] info - post params:{"roleList":[],"userId":1000007,"userName":"kkkk","userEmail":"11211@qq.com","mobile":"12222111111","deptId":["60167059c9027b7d2c520a61","60167345c6a4417f2d27506f"],"state":1,"role":1,"createTime":"2021-10-08T12:54:47.834Z","lastLoginTime":"2021-10-08T12:54:47.834Z","__v":0,"action":"add"}
[2021-10-08T21:20:09.049] [INFO] info - get params:{}
[2021-10-08T21:20:09.050] [INFO] info - post params:{"roleList":[],"userId":1000007,"userName":"kkkk","userEmail":"11211@qq.com","mobile":"12222111111","deptId":["60167059c9027b7d2c520a61","60167345c6a4417f2d27506f"],"state":1,"role":1,"createTime":"2021-10-08T12:54:47.834Z","lastLoginTime":"2021-10-08T12:54:47.834Z","__v":0,"action":"add"}
[2021-10-08T21:21:48.638] [INFO] info - get params:{"state":"1","pageNum":"1","pageSize":"10"}
[2021-10-08T21:21:48.639] [INFO] info - post params:{}
[2021-10-08T21:23:32.407] [INFO] info - get params:{"state":"1","pageNum":"1","pageSize":"10"}
[2021-10-08T21:23:32.408] [INFO] info - post params:{}
[2021-10-08T21:23:36.214] [INFO] info - get params:{"state":"1","pageNum":"1","pageSize":"10"}
[2021-10-08T21:23:36.215] [INFO] info - post params:{}
[2021-10-08T21:23:41.114] [INFO] info - get params:{}
[2021-10-08T21:23:41.114] [INFO] info - post params:{"roleList":[],"userId":1000007,"userName":"kkkk","userEmail":"11211@qq.com","mobile":"12222111111","deptId":["60167059c9027b7d2c520a61","60167345c6a4417f2d27506f"],"state":1,"role":1,"createTime":"2021-10-08T12:54:47.834Z","lastLoginTime":"2021-10-08T12:54:47.834Z","__v":0,"action":"edit"}
[2021-10-08T21:23:41.186] [INFO] info - get params:{"state":"1","pageNum":"1","pageSize":"10","total":"7"}
[2021-10-08T21:23:41.187] [INFO] info - post params:{}
[2021-10-08T21:24:12.151] [INFO] info - get params:{}
[2021-10-08T21:24:12.152] [INFO] info - post params:{"roleList":[],"userId":1000007,"userName":"kkkkk","userEmail":"kk@qq.com","mobile":"11111111111","deptId":["60167059c9027b7d2c520a61","6016734ec6a4417f2d275070"],"role":1,"createTime":"2021-10-08T12:54:47.834Z","lastLoginTime":"2021-10-08T12:54:47.834Z","__v":0,"action":"add"}
[2021-10-08T21:24:19.470] [INFO] info - get params:{"state":"1","pageNum":"1","pageSize":"10"}
[2021-10-08T21:24:19.471] [INFO] info - post params:{}
[2021-10-08T21:24:47.905] [INFO] info - get params:{}
[2021-10-08T21:24:47.905] [INFO] info - post params:{"userIds":[1000009,1000008,1000007,1000006]}
[2021-10-08T21:25:40.854] [INFO] info - get params:{}
[2021-10-08T21:25:40.855] [INFO] info - post params:{"userIds":[1000009,1000008,1000007,1000006]}
[2021-10-08T21:25:59.814] [INFO] info - get params:{}
[2021-10-08T21:25:59.815] [INFO] info - post params:{"userIds":[1000009,1000008,1000007,1000006]}
[2021-10-08T21:26:48.046] [INFO] info - get params:{"state":"1","pageNum":"1","pageSize":"10"}
[2021-10-08T21:26:48.046] [INFO] info - post params:{}
[2021-10-08T21:26:54.903] [INFO] info - get params:{}
[2021-10-08T21:26:54.904] [INFO] info - post params:{"userIds":[1000005]}
[2021-10-08T21:26:58.001] [INFO] info - get params:{"state":"1","pageNum":"1","pageSize":"10"}
[2021-10-08T21:26:58.004] [INFO] info - post params:{}
[2021-10-08T21:27:04.542] [INFO] info - get params:{"state":"0","pageNum":"1","pageSize":"10","total":"3"}
[2021-10-08T21:27:04.543] [INFO] info - post params:{}
[2021-10-08T21:27:09.502] [INFO] info - get params:{}
[2021-10-08T21:27:09.503] [INFO] info - post params:{"roleList":[],"userId":1000007,"userName":"kkkk","userEmail":"11211@qq.com","mobile":"12222111111","deptId":["60167059c9027b7d2c520a61","60167345c6a4417f2d27506f"],"state":1,"role":1,"createTime":"2021-10-08T12:54:47.834Z","lastLoginTime":"2021-10-08T12:54:47.834Z","__v":0,"action":"edit"}
[2021-10-08T21:27:09.589] [INFO] info - get params:{"state":"0","pageNum":"1","pageSize":"10","total":"8"}
[2021-10-08T21:27:09.591] [INFO] info - post params:{}
[2021-10-08T21:27:51.890] [INFO] info - get params:{}
[2021-10-08T21:27:51.891] [INFO] info - post params:{"userIds":[1000009]}
[2021-10-08T21:28:09.179] [INFO] info - get params:{"state":"1","pageNum":"1","pageSize":"10"}
[2021-10-08T21:28:09.180] [INFO] info - post params:{}
[2021-10-08T21:28:09.353] [INFO] info - get params:{"state":"1","pageNum":"1","pageSize":"10"}
[2021-10-08T21:28:09.353] [INFO] info - post params:{}
[2021-10-08T21:29:05.129] [INFO] info - get params:{}
[2021-10-08T21:29:05.130] [INFO] info - post params:{"roleList":[],"userId":1000007,"userName":"kkkk","userEmail":"11211@qq.com","mobile":"12222111111","deptId":["60167059c9027b7d2c520a61","6016728fc6a4417f2d27506e"],"state":1,"role":1,"createTime":"2021-10-08T12:54:47.834Z","lastLoginTime":"2021-10-08T12:54:47.834Z","__v":0,"action":"edit"}
[2021-10-08T21:29:05.190] [INFO] info - get params:{"state":"1","pageNum":"1","pageSize":"10","total":"4"}
[2021-10-08T21:29:05.190] [INFO] info - post params:{}
[2021-10-08T21:29:09.550] [INFO] info - get params:{"state":"1","pageNum":"1","pageSize":"10"}
[2021-10-08T21:29:09.551] [INFO] info - post params:{}
[2021-10-08T21:32:34.100] [INFO] info - get params:{}
[2021-10-08T21:32:34.101] [INFO] info - post params:{"roleList":[],"userName":"111231","userEmail":"3221","mobile":"111111111111","deptId":["60167059c9027b7d2c520a61","6016734ec6a4417f2d275070"],"action":"add"}
[2021-10-08T21:32:38.446] [INFO] info - get params:{}
[2021-10-08T21:32:38.447] [INFO] info - post params:{"roleList":[],"userName":"111231","userEmail":"3221","mobile":"111111111111","deptId":["60167059c9027b7d2c520a61","6016734ec6a4417f2d275070"],"action":"add"}
[2021-10-08T21:33:41.451] [INFO] info - get params:{"state":"1","pageNum":"1","pageSize":"10"}
[2021-10-08T21:33:41.452] [INFO] info - post params:{}
[2021-10-08T21:34:08.077] [INFO] info - get params:{"state":"1","pageNum":"1","pageSize":"10"}
[2021-10-08T21:34:08.078] [INFO] info - post params:{}
[2021-10-08T21:34:24.555] [INFO] info - get params:{}
[2021-10-08T21:34:24.556] [INFO] info - post params:{"roleList":[],"userName":"kkkkkk","userEmail":"111","mobile":"11111111111","deptId":["60167059c9027b7d2c520a61","60167345c6a4417f2d27506f"],"action":"add"}
[2021-10-08T21:34:43.537] [INFO] info - get params:{"state":"1","pageNum":"1","pageSize":"10"}
[2021-10-08T21:34:43.538] [INFO] info - post params:{}
[2021-10-08T21:35:48.013] [INFO] info - get params:{}
[2021-10-08T21:35:48.013] [INFO] info - post params:{"userName":"admin","userPwd":"admin"}
[2021-10-08T21:35:54.729] [INFO] info - get params:{"state":"1","pageNum":"1","pageSize":"10"}
[2021-10-08T21:35:54.730] [INFO] info - post params:{}
[2021-10-08T21:36:11.869] [INFO] info - get params:{}
[2021-10-08T21:36:11.870] [INFO] info - post params:{"roleList":[],"userName":"111111111111","userEmail":"111111111111","mobile":"111111111111","deptId":["60167059c9027b7d2c520a61","60167375c6a4417f2d275072"],"action":"add"}
[2021-10-08T21:36:18.435] [INFO] info - get params:{"state":"1","pageNum":"1","pageSize":"10"}
[2021-10-08T21:36:18.439] [INFO] info - post params:{}
[2021-10-08T21:36:55.441] [INFO] info - get params:{"state":"1","pageNum":"1","pageSize":"10"}
[2021-10-08T21:36:55.442] [INFO] info - post params:{}
[2021-10-08T21:37:01.126] [INFO] info - get params:{}
[2021-10-08T21:37:01.126] [INFO] info - post params:{"roleList":[],"userId":1000010,"userName":"111231","userEmail":"3221","mobile":"111111111111","deptId":["60167059c9027b7d2c520a61","6016728fc6a4417f2d27506e"],"state":1,"role":1,"createTime":"2021-10-08T13:18:02.055Z","lastLoginTime":"2021-10-08T13:18:02.055Z","__v":0,"action":"edit"}
[2021-10-08T21:37:01.197] [INFO] info - get params:{"state":"1","pageNum":"1","pageSize":"10","total":"7"}
[2021-10-08T21:37:01.198] [INFO] info - post params:{}
[2021-10-08T21:37:08.963] [INFO] info - get params:{}
[2021-10-08T21:37:08.963] [INFO] info - post params:{"userIds":[1000010]}
[2021-10-08T21:37:22.391] [INFO] info - get params:{"state":"1","pageNum":"1","pageSize":"10"}
[2021-10-08T21:37:22.392] [INFO] info - post params:{}
[2021-10-08T21:39:55.450] [INFO] info - ***数据库连接成功***
[2021-10-08T21:39:57.895] [INFO] info - get params:{"state":"1","pageNum":"1","pageSize":"10"}
[2021-10-08T21:39:57.896] [INFO] info - post params:{}
[2021-10-08T21:40:00.058] [INFO] info - get params:{}
[2021-10-08T21:40:00.059] [INFO] info - post params:{"userIds":[1000011]}
[2021-10-08T21:40:02.613] [INFO] info - get params:{"state":"1","pageNum":"1","pageSize":"10"}
[2021-10-08T21:40:02.613] [INFO] info - post params:{}
[2021-10-08T21:40:16.725] [INFO] info - ***数据库连接成功***
[2021-10-08T21:40:33.178] [INFO] info - get params:{}
[2021-10-08T21:40:33.178] [INFO] info - post params:{"userIds":[1000012]}
[2021-10-08T21:40:59.582] [INFO] info - ***数据库连接成功***
[2021-10-08T21:41:01.390] [INFO] info - get params:{"state":"1","pageNum":"1","pageSize":"10"}
[2021-10-08T21:41:01.391] [INFO] info - post params:{}
[2021-10-08T21:41:03.827] [INFO] info - get params:{}
[2021-10-08T21:41:03.828] [INFO] info - post params:{"userIds":[1000007]}
[2021-10-08T21:41:06.560] [INFO] info - get params:{"state":"1","pageNum":"1","pageSize":"10"}
[2021-10-08T21:41:06.561] [INFO] info - post params:{}
[2021-10-08T21:42:27.552] [INFO] info - ***数据库连接成功***
[2021-10-08T21:42:30.056] [INFO] info - get params:{"state":"1","pageNum":"1","pageSize":"10"}
[2021-10-08T21:42:30.057] [INFO] info - post params:{}
[2021-10-08T21:42:33.861] [INFO] info - get params:{}
[2021-10-08T21:42:33.862] [INFO] info - post params:{"userIds":[1000004]}
[2021-10-08T21:42:48.367] [INFO] info - ***数据库连接成功***
[2021-10-08T21:42:52.961] [INFO] info - get params:{"state":"1","pageNum":"1","pageSize":"10"}
[2021-10-08T21:42:52.962] [INFO] info - post params:{}
[2021-10-08T21:43:02.064] [INFO] info - get params:{"state":"0","pageNum":"1","pageSize":"10","total":"2"}
[2021-10-08T21:43:02.065] [INFO] info - post params:{}
[2021-10-08T21:43:07.825] [INFO] info - get params:{}
[2021-10-08T21:43:07.825] [INFO] info - post params:{"roleList":[],"userId":1000011,"userName":"kkkkkk","userEmail":"111","mobile":"11111111111","deptId":["60167059c9027b7d2c520a61","60167345c6a4417f2d27506f"],"state":1,"role":1,"createTime":"2021-10-08T13:18:02.055Z","lastLoginTime":"2021-10-08T13:18:02.055Z","__v":0,"action":"edit"}
[2021-10-08T21:43:07.888] [INFO] info - get params:{"state":"0","pageNum":"1","pageSize":"10","total":"11"}
[2021-10-08T21:43:07.888] [INFO] info - post params:{}
[2021-10-08T21:43:16.661] [INFO] info - get params:{}
[2021-10-08T21:43:16.661] [INFO] info - post params:{"roleList":[],"userId":1000009,"userName":"kkkkk","userEmail":"kk@qq.com","mobile":"11111111111","deptId":["60167059c9027b7d2c520a61","6016734ec6a4417f2d275070"],"state":1,"role":1,"createTime":"2021-10-08T13:18:02.055Z","lastLoginTime":"2021-10-08T13:18:02.055Z","__v":0,"action":"edit"}
[2021-10-08T21:43:16.719] [INFO] info - get params:{"state":"0","pageNum":"1","pageSize":"10","total":"11"}
[2021-10-08T21:43:16.719] [INFO] info - post params:{}
[2021-10-08T21:44:27.528] [INFO] info - ***数据库连接成功***
[2021-10-08T21:44:32.609] [INFO] info - get params:{"state":"1","pageNum":"1","pageSize":"10"}
[2021-10-08T21:44:32.609] [INFO] info - post params:{}
[2021-10-08T21:44:47.682] [INFO] info - get params:{}
[2021-10-08T21:44:47.683] [INFO] info - post params:{"roleList":[],"userName":"kk","userEmail":"11111","mobile":"11111111111","deptId":["60167059c9027b7d2c520a61","60167345c6a4417f2d27506f"],"action":"add"}
[2021-10-08T21:44:53.006] [INFO] info - get params:{}
[2021-10-08T21:44:53.007] [INFO] info - post params:{"roleList":[],"userName":"kkjakdja","userEmail":"11111","mobile":"11111111111","deptId":["60167059c9027b7d2c520a61","60167345c6a4417f2d27506f"],"action":"add"}
[2021-10-08T21:46:17.996] [INFO] info - ***数据库连接成功***
[2021-10-08T21:46:21.557] [INFO] info - get params:{}
[2021-10-08T21:46:21.558] [INFO] info - post params:{"roleList":[],"userName":"kkjakdja","userEmail":"11111","mobile":"11111111111","deptId":["60167059c9027b7d2c520a61","60167345c6a4417f2d27506f"],"action":"add"}
[2021-10-08T21:46:25.416] [INFO] info - get params:{}
[2021-10-08T21:46:25.416] [INFO] info - post params:{"roleList":[],"userName":"kkjakdjak","userEmail":"11111","mobile":"11111111111","deptId":["60167059c9027b7d2c520a61","60167345c6a4417f2d27506f"],"action":"add"}
[2021-10-08T21:46:32.419] [INFO] info - get params:{}
[2021-10-08T21:46:32.420] [INFO] info - post params:{"roleList":[],"userName":"kkjakdjak","userEmail":"1111111111","mobile":"11111111111","deptId":["60167059c9027b7d2c520a61","60167345c6a4417f2d27506f"],"action":"add"}
[2021-10-08T21:46:33.474] [INFO] info - get params:{}
[2021-10-08T21:46:33.474] [INFO] info - post params:{"roleList":[],"userName":"kkjakdjak","userEmail":"1111111111","mobile":"11111111111","deptId":["60167059c9027b7d2c520a61","60167345c6a4417f2d27506f"],"action":"add"}
[2021-10-08T21:46:36.019] [INFO] info - get params:{}
[2021-10-08T21:46:36.020] [INFO] info - post params:{"roleList":[],"userName":"kkjakdjak","userEmail":"1111111111","mobile":"11111111111","deptId":["60167059c9027b7d2c520a61","60167345c6a4417f2d27506f"],"action":"add"}
[2021-10-08T21:46:36.519] [INFO] info - get params:{}
[2021-10-08T21:46:36.520] [INFO] info - post params:{"roleList":[],"userName":"kkjakdjak","userEmail":"1111111111","mobile":"11111111111","deptId":["60167059c9027b7d2c520a61","60167345c6a4417f2d27506f"],"action":"add"}
[2021-10-08T21:46:36.863] [INFO] info - get params:{}
[2021-10-08T21:46:36.864] [INFO] info - post params:{"roleList":[],"userName":"kkjakdjak","userEmail":"1111111111","mobile":"11111111111","deptId":["60167059c9027b7d2c520a61","60167345c6a4417f2d27506f"],"action":"add"}
[2021-10-08T21:46:37.118] [INFO] info - get params:{}
[2021-10-08T21:46:37.118] [INFO] info - post params:{"roleList":[],"userName":"kkjakdjak","userEmail":"1111111111","mobile":"11111111111","deptId":["60167059c9027b7d2c520a61","60167345c6a4417f2d27506f"],"action":"add"}
[2021-10-08T21:46:37.315] [INFO] info - get params:{}
[2021-10-08T21:46:37.316] [INFO] info - post params:{"roleList":[],"userName":"kkjakdjak","userEmail":"1111111111","mobile":"11111111111","deptId":["60167059c9027b7d2c520a61","60167345c6a4417f2d27506f"],"action":"add"}
[2021-10-08T21:46:37.475] [INFO] info - get params:{}
[2021-10-08T21:46:37.475] [INFO] info - post params:{"roleList":[],"userName":"kkjakdjak","userEmail":"1111111111","mobile":"11111111111","deptId":["60167059c9027b7d2c520a61","60167345c6a4417f2d27506f"],"action":"add"}
[2021-10-08T21:46:37.619] [INFO] info - get params:{}
[2021-10-08T21:46:37.620] [INFO] info - post params:{"roleList":[],"userName":"kkjakdjak","userEmail":"1111111111","mobile":"11111111111","deptId":["60167059c9027b7d2c520a61","60167345c6a4417f2d27506f"],"action":"add"}
[2021-10-08T21:46:37.887] [INFO] info - get params:{}
[2021-10-08T21:46:37.887] [INFO] info - post params:{"roleList":[],"userName":"kkjakdjak","userEmail":"1111111111","mobile":"11111111111","deptId":["60167059c9027b7d2c520a61","60167345c6a4417f2d27506f"],"action":"add"}
[2021-10-08T21:46:38.053] [INFO] info - get params:{}
[2021-10-08T21:46:38.054] [INFO] info - post params:{"roleList":[],"userName":"kkjakdjak","userEmail":"1111111111","mobile":"11111111111","deptId":["60167059c9027b7d2c520a61","60167345c6a4417f2d27506f"],"action":"add"}
[2021-10-08T21:46:38.330] [INFO] info - get params:{}
[2021-10-08T21:46:38.330] [INFO] info - post params:{"roleList":[],"userName":"kkjakdjak","userEmail":"1111111111","mobile":"11111111111","deptId":["60167059c9027b7d2c520a61","60167345c6a4417f2d27506f"],"action":"add"}
[2021-10-08T21:46:38.505] [INFO] info - get params:{}
[2021-10-08T21:46:38.505] [INFO] info - post params:{"roleList":[],"userName":"kkjakdjak","userEmail":"1111111111","mobile":"11111111111","deptId":["60167059c9027b7d2c520a61","60167345c6a4417f2d27506f"],"action":"add"}
[2021-10-08T21:46:38.640] [INFO] info - get params:{}
[2021-10-08T21:46:38.640] [INFO] info - post params:{"roleList":[],"userName":"kkjakdjak","userEmail":"1111111111","mobile":"11111111111","deptId":["60167059c9027b7d2c520a61","60167345c6a4417f2d27506f"],"action":"add"}
[2021-10-08T21:46:38.781] [INFO] info - get params:{}
[2021-10-08T21:46:38.782] [INFO] info - post params:{"roleList":[],"userName":"kkjakdjak","userEmail":"1111111111","mobile":"11111111111","deptId":["60167059c9027b7d2c520a61","60167345c6a4417f2d27506f"],"action":"add"}
[2021-10-08T21:46:39.025] [INFO] info - get params:{}
[2021-10-08T21:46:39.026] [INFO] info - post params:{"roleList":[],"userName":"kkjakdjak","userEmail":"1111111111","mobile":"11111111111","deptId":["60167059c9027b7d2c520a61","60167345c6a4417f2d27506f"],"action":"add"}
[2021-10-08T21:46:50.440] [INFO] info - get params:{}
[2021-10-08T21:46:50.441] [INFO] info - post params:{"roleList":[],"userName":"kkjakdjakk","userEmail":"1111111111k","mobile":"11111111111","deptId":["60167059c9027b7d2c520a61","60167345c6a4417f2d27506f"],"action":"add"}
[2021-10-08T21:47:38.620] [INFO] info - get params:{"state":"1","pageNum":"1","pageSize":"10"}
[2021-10-08T21:47:38.621] [INFO] info - post params:{}
[2021-10-08T21:48:10.752] [INFO] info - get params:{}
[2021-10-08T21:48:10.753] [INFO] info - post params:{"roleList":[],"userName":"jjjj","userEmail":"kkjk","mobile":"11111111111","deptId":["60167059c9027b7d2c520a61","60167345c6a4417f2d27506f"],"action":"add"}
[2021-10-08T21:49:33.279] [INFO] info - get params:{"state":"1","pageNum":"1","pageSize":"10"}
[2021-10-08T21:49:33.279] [INFO] info - post params:{}
[2021-10-08T21:49:33.496] [INFO] info - get params:{"state":"1","pageNum":"1","pageSize":"10"}
[2021-10-08T21:49:33.497] [INFO] info - post params:{}
[2021-10-08T21:49:53.464] [INFO] info - get params:{"state":"1","pageNum":"1","pageSize":"10"}
[2021-10-08T21:49:53.465] [INFO] info - post params:{}
[2021-10-08T21:50:12.619] [INFO] info - get params:{}
[2021-10-08T21:50:12.619] [INFO] info - post params:{"roleList":[],"userName":"dd","userEmail":"dd","mobile":"11111111111","deptId":["60167059c9027b7d2c520a61","60167345c6a4417f2d27506f"],"action":"add"}
[2021-10-08T21:51:23.323] [INFO] info - ***数据库连接成功***
[2021-10-08T21:52:13.492] [INFO] info - get params:{"state":"1","pageNum":"1","pageSize":"10"}
[2021-10-08T21:52:13.493] [INFO] info - post params:{}
[2021-10-08T21:52:46.212] [INFO] info - get params:{}
[2021-10-08T21:52:46.213] [INFO] info - post params:{"roleList":[],"userName":"jkjk","userEmail":"jkk","mobile":"11111111111","deptId":["60167059c9027b7d2c520a61","60167345c6a4417f2d27506f"],"action":"add"}
[2021-10-08T21:52:46.283] [INFO] info - get params:{"state":"1","pageNum":"1","pageSize":"10","total":"9"}
[2021-10-08T21:52:46.283] [INFO] info - post params:{}
[2021-10-08T21:52:52.080] [INFO] info - get params:{}
[2021-10-08T21:52:52.080] [INFO] info - post params:{"userIds":[1000003,1000009]}
[2021-10-08T21:52:58.003] [INFO] info - get params:{}
[2021-10-08T21:52:58.004] [INFO] info - post params:{"userIds":[1000003]}
[2021-10-08T21:53:01.817] [INFO] info - get params:{}
[2021-10-08T21:53:01.818] [INFO] info - post params:{"userIds":[1000003]}
[2021-10-08T21:53:06.521] [INFO] info - get params:{"state":"1","pageNum":"1","pageSize":"10"}
[2021-10-08T21:53:06.522] [INFO] info - post params:{}
[2021-10-08T21:53:08.649] [INFO] info - get params:{}
[2021-10-08T21:53:08.649] [INFO] info - post params:{"userIds":[1000018]}
[2021-10-08T21:53:35.676] [INFO] info - get params:{"state":"1","pageNum":"1","pageSize":"10"}
[2021-10-08T21:53:35.678] [INFO] info - post params:{}
[2021-10-08T21:53:38.429] [INFO] info - get params:{}
[2021-10-08T21:53:38.429] [INFO] info - post params:{"userIds":[1000017]}
[2021-10-08T21:53:41.305] [INFO] info - get params:{"state":"1","pageNum":"1","pageSize":"10"}
[2021-10-08T21:53:41.305] [INFO] info - post params:{}
[2021-10-08T21:54:04.233] [INFO] info - ***数据库连接成功***
[2021-10-08T21:54:12.516] [INFO] info - get params:{"state":"1","pageNum":"1","pageSize":"10"}
[2021-10-08T21:54:12.517] [INFO] info - post params:{}
[2021-10-08T21:54:14.864] [INFO] info - get params:{}
[2021-10-08T21:54:14.865] [INFO] info - post params:{"userIds":[1000016]}
[2021-10-08T21:54:42.163] [INFO] info - get params:{"state":"1","pageNum":"1","pageSize":"10"}
[2021-10-08T21:54:42.164] [INFO] info - post params:{}
[2021-10-08T21:54:44.868] [INFO] info - get params:{}
[2021-10-08T21:54:44.868] [INFO] info - post params:{"userIds":[1000015]}
[2021-10-08T21:55:17.336] [INFO] info - ***数据库连接成功***
[2021-10-08T21:55:19.173] [INFO] info - get params:{"state":"1","pageNum":"1","pageSize":"10"}
[2021-10-08T21:55:19.175] [INFO] info - post params:{}
[2021-10-08T21:55:23.738] [INFO] info - get params:{}
[2021-10-08T21:55:23.739] [INFO] info - post params:{"userIds":[1000014]}
[2021-10-08T21:56:23.390] [INFO] info - get params:{"state":"1","pageNum":"1","pageSize":"10"}
[2021-10-08T21:56:23.392] [INFO] info - post params:{}
[2021-10-08T21:56:26.742] [INFO] info - get params:{"state":"1","pageNum":"1","pageSize":"10"}
[2021-10-08T21:56:26.742] [INFO] info - post params:{}
[2021-10-08T21:56:29.312] [INFO] info - get params:{}
[2021-10-08T21:56:29.313] [INFO] info - post params:{"userIds":[1000013]}
[2021-10-08T21:56:29.345] [INFO] info - get params:{"state":"1","pageNum":"1","pageSize":"10","total":"3"}
[2021-10-08T21:56:29.346] [INFO] info - post params:{}
[2021-10-08T21:56:35.381] [INFO] info - get params:{"state":"0","pageNum":"1","pageSize":"10","total":"2"}
[2021-10-08T21:56:35.382] [INFO] info - post params:{}
[2021-10-08T21:56:43.991] [INFO] info - get params:{}
[2021-10-08T21:56:43.992] [INFO] info - post params:{"roleList":[],"userId":1000003,"userName":"user1","userEmail":"111@qq.com","mobile":"11111111111","deptId":["60167059c9027b7d2c520a61","6016728fc6a4417f2d27506e","60167621531124822b79e124"],"state":1,"role":1,"createTime":"2021-10-08T12:54:47.834Z","lastLoginTime":"2021-10-08T12:54:47.834Z","__v":0,"action":"edit"}
[2021-10-08T21:56:44.047] [INFO] info - get params:{"state":"0","pageNum":"1","pageSize":"10","total":"17"}
[2021-10-08T21:56:44.048] [INFO] info - post params:{}
[2021-10-08T21:56:50.459] [INFO] info - get params:{}
[2021-10-08T21:56:50.459] [INFO] info - post params:{"roleList":[],"userId":1000004,"userName":"111","userEmail":"1222@qq.com","mobile":"11111111110","deptId":["60167059c9027b7d2c520a61","60167345c6a4417f2d27506f"],"state":1,"role":1,"createTime":"2021-10-08T12:54:47.834Z","lastLoginTime":"2021-10-08T12:54:47.834Z","__v":0,"action":"edit"}
[2021-10-08T21:56:50.507] [INFO] info - get params:{"state":"0","pageNum":"1","pageSize":"10","total":"17"}
[2021-10-08T21:56:50.507] [INFO] info - post params:{}
[2021-10-08T21:56:54.860] [INFO] info - get params:{"state":"0","pageNum":"2","pageSize":"10","total":"17"}
[2021-10-08T21:56:54.860] [INFO] info - post params:{}
[2021-10-08T21:58:01.739] [INFO] info - get params:{"state":"0","pageNum":"1","pageSize":"10","total":"17"}
[2021-10-08T21:58:01.740] [INFO] info - post params:{}
[2021-10-08T21:58:14.409] [INFO] info - get params:{}
[2021-10-08T21:58:14.410] [INFO] info - post params:{"roleList":[],"userId":1000005,"userName":"kk","userEmail":"1099@q.com","mobile":"12222222222","deptId":["60167059c9027b7d2c520a61","60167345c6a4417f2d27506f"],"state":1,"role":1,"createTime":"2021-10-08T12:54:47.834Z","lastLoginTime":"2021-10-08T12:54:47.834Z","__v":0,"action":"edit"}
[2021-10-08T21:58:14.471] [INFO] info - get params:{"state":"0","pageNum":"1","pageSize":"10","total":"17"}
[2021-10-08T21:58:14.472] [INFO] info - post params:{}
[2021-10-08T21:58:18.954] [INFO] info - get params:{}
[2021-10-08T21:58:18.954] [INFO] info - post params:{"roleList":[],"userId":1000006,"userName":"kkk","userEmail":"1121@qq.com","mobile":"12222111111","deptId":["60167059c9027b7d2c520a61","6016728fc6a4417f2d27506e"],"state":1,"role":1,"createTime":"2021-10-08T12:54:47.834Z","lastLoginTime":"2021-10-08T12:54:47.834Z","__v":0,"action":"edit"}
[2021-10-08T21:58:19.018] [INFO] info - get params:{"state":"0","pageNum":"1","pageSize":"10","total":"17"}
[2021-10-08T21:58:19.018] [INFO] info - post params:{}
[2021-10-08T21:58:23.616] [INFO] info - get params:{}
[2021-10-08T21:58:23.617] [INFO] info - post params:{"roleList":[],"userId":1000007,"userName":"kkkk","userEmail":"11211@qq.com","mobile":"12222111111","deptId":["60167059c9027b7d2c520a61","6016728fc6a4417f2d27506e"],"state":1,"role":1,"createTime":"2021-10-08T12:54:47.834Z","lastLoginTime":"2021-10-08T12:54:47.834Z","__v":0,"action":"edit"}
[2021-10-08T21:58:23.661] [INFO] info - get params:{"state":"0","pageNum":"1","pageSize":"10","total":"17"}
[2021-10-08T21:58:23.662] [INFO] info - post params:{}
[2021-10-08T21:58:29.343] [INFO] info - get params:{}
[2021-10-08T21:58:29.343] [INFO] info - post params:{"roleList":[],"userId":1000008,"userName":"kkj","userEmail":"1111111@qq.com","mobile":"11111111111","deptId":["60167059c9027b7d2c520a61","60167345c6a4417f2d27506f"],"state":1,"role":1,"createTime":"2021-10-08T13:18:02.055Z","lastLoginTime":"2021-10-08T13:18:02.055Z","__v":0,"action":"edit"}
[2021-10-08T21:58:29.390] [INFO] info - get params:{"state":"0","pageNum":"1","pageSize":"10","total":"17"}
[2021-10-08T21:58:29.391] [INFO] info - post params:{}
[2021-10-08T21:58:35.594] [INFO] info - get params:{"state":"1","pageNum":"1","pageSize":"10","total":"17"}
[2021-10-08T21:58:35.595] [INFO] info - post params:{}
[2021-10-08T21:59:00.290] [INFO] info - get params:{}
[2021-10-08T21:59:00.290] [INFO] info - post params:{"userIds":[1000011,1000006,1000007,1000005]}
[2021-10-08T21:59:00.306] [INFO] info - get params:{"state":"1","pageNum":"1","pageSize":"10","total":"8"}
[2021-10-08T21:59:00.307] [INFO] info - post params:{}
[2021-10-08T21:59:22.216] [INFO] info - get params:{}
[2021-10-08T21:59:22.217] [INFO] info - post params:{"roleList":[],"userId":1000008,"userName":"test","userEmail":"teas@qq.com","mobile":"11111111111","deptId":["60167059c9027b7d2c520a61","60167345c6a4417f2d27506f"],"role":1,"createTime":"2021-10-08T13:18:02.055Z","lastLoginTime":"2021-10-08T13:18:02.055Z","__v":0,"action":"add"}
[2021-10-08T21:59:22.277] [INFO] info - get params:{"state":"1","pageNum":"1","pageSize":"10","total":"4"}
[2021-10-08T21:59:22.278] [INFO] info - post params:{}
[2021-10-08T21:59:26.471] [INFO] info - get params:{}
[2021-10-08T21:59:26.471] [INFO] info - post params:{"userIds":[1000019]}
[2021-10-08T21:59:26.491] [INFO] info - get params:{"state":"1","pageNum":"1","pageSize":"10","total":"5"}
[2021-10-08T21:59:26.492] [INFO] info - post params:{}
[2021-10-08T21:59:37.842] [INFO] info - get params:{}
[2021-10-08T21:59:37.843] [INFO] info - post params:{"roleList":[],"userId":1000008,"userName":"kkj","userEmail":"1111111@qq.com","mobile":"12345678916","deptId":["60167059c9027b7d2c520a61","60167345c6a4417f2d27506f"],"state":1,"role":1,"createTime":"2021-10-08T13:18:02.055Z","lastLoginTime":"2021-10-08T13:18:02.055Z","__v":0,"action":"edit"}
[2021-10-08T21:59:37.890] [INFO] info - get params:{"state":"1","pageNum":"1","pageSize":"10","total":"4"}
[2021-10-08T21:59:37.890] [INFO] info - post params:{}
[2021-10-08T22:00:01.237] [INFO] info - get params:{"state":"1","userId":"1000010","pageNum":"1","pageSize":"10","total":"4"}
[2021-10-08T22:00:01.237] [INFO] info - post params:{}
[2021-10-08T22:00:04.646] [INFO] info - get params:{"state":"0","userId":"1000010","pageNum":"1","pageSize":"10","total":"0"}
[2021-10-08T22:00:04.647] [INFO] info - post params:{}
[2021-10-08T22:00:14.895] [INFO] info - get params:{"state":"0","userId":"","userName":"kk","pageNum":"1","pageSize":"10","total":"1"}
[2021-10-08T22:00:14.895] [INFO] info - post params:{}
[2021-10-08T22:02:47.305] [INFO] info - ***数据库连接成功***
[2021-10-08T22:03:21.930] [INFO] info - ***数据库连接成功***
[2021-10-08T22:03:37.321] [INFO] info - ***数据库连接成功***
[2021-10-08T22:04:38.781] [INFO] info - ***数据库连接成功***
[2021-10-08T22:04:48.424] [INFO] info - ***数据库连接成功***
[2021-10-08T22:04:50.871] [INFO] info - get params:{"state":"1","pageNum":"1","pageSize":"10"}
[2021-10-08T22:04:50.872] [INFO] info - post params:{}
[2021-10-08T22:05:05.597] [INFO] info - get params:{}
[2021-10-08T22:05:05.598] [INFO] info - post params:{"roleList":[],"userName":"88","userEmail":"99","mobile":"11111111111","deptId":["60167059c9027b7d2c520a61","6016734ec6a4417f2d275070"],"action":"add"}
[2021-10-08T22:05:05.669] [INFO] info - get params:{"state":"1","pageNum":"1","pageSize":"10","total":"4"}
[2021-10-08T22:05:05.670] [INFO] info - post params:{}
